mode: set
exmaple/src/test/compute.go:3.24,5.2 1 1
exmaple/src/test/compute.go:7.24,9.2 1 1
exmaple/src/test/compute.go:11.24,13.2 1 1
exmaple/src/test/test_demo.go:16.25,18.2 1 0
exmaple/src/test/test_demo.go:21.29,23.12 2 0
exmaple/src/test/test_demo.go:23.12,25.3 1 0
exmaple/src/test/test_demo.go:29.29,30.21 1 0
exmaple/src/test/test_demo.go:33.2,34.12 2 0
exmaple/src/test/test_demo.go:30.21,32.3 1 0
exmaple/src/test/test_demo.go:34.12,36.3 1 0
exmaple/src/test/test_demo.go:40.29,42.12 2 0
exmaple/src/test/test_demo.go:42.12,44.3 1 0
